# JRE version: Java(TM) SE Runtime Environment (24.0.1+9) (build 24.0.1+9-30)
# Java VM: Java HotSpot(TM) 64-Bit Server VM (24.0.1+9-30, mixed mode, sharing, tiered, compressed oops, compressed class ptrs, g1 gc, windows-amd64)
GC Precious Log:
 CardTable entry size: 512
 Card Set container configuration: InlinePtr #cards 5 size 8 Array Of Cards #cards 10 size 36 Howl #buckets 4 coarsen threshold 1843 Howl Bitmap #cards 512 size 80 coarsen threshold 460 Card regions per heap region 1 cards per card region 2048
 CPUs: 4 total, 4 available
 Memory: 8057M
 Large Page Support: Disabled
 NUMA Support: Disabled
 Compressed Oops: Enabled (32-bit)
 Heap Region Size: 1M
 Heap Min Capacity: 8M
 Heap Initial Capacity: 126M
 Heap Max Capacity: 2G
 Pre-touch: Disabled
 Parallel Workers: 4
 Concurrent Workers: 1
 Concurrent Refinement Workers: 4
 Periodic GC: Disabled
Heap:
 garbage-first heap   total reserved 2097152K, committed 282624K, used 214382K [0x0000000080000000, 0x0000000100000000)
  region size 1024K, 98 young (100352K), 6 survivors (6144K)
 Metaspace       used 167683K, committed 170496K, reserved 622592K
  class space    used 17890K, committed 19200K, reserved 425984K
GC Heap History (20 events):
Event: 127.383 GC heap before
{Heap before GC invocations=103 (full 0):
 garbage-first heap   total reserved 2097152K, committed 279552K, used 268966K [0x0000000080000000, 0x0000000100000000)
  region size 1024K, 151 young (154624K), 2 survivors (2048K)
 Metaspace       used 144335K, committed 146752K, reserved 557056K
  class space    used 15545K, committed 16640K, reserved 425984K
}
Event: 127.404 GC heap after
{Heap after GC invocations=104 (full 0):
 garbage-first heap   total reserved 2097152K, committed 282624K, used 121286K [0x0000000080000000, 0x0000000100000000)
  region size 1024K, 12 young (12288K), 12 survivors (12288K)
 Metaspace       used 144335K, committed 146752K, reserved 557056K
  class space    used 15545K, committed 16640K, reserved 425984K
}
Event: 129.759 GC heap before
{Heap before GC invocations=104 (full 0):
 garbage-first heap   total reserved 2097152K, committed 282624K, used 256454K [0x0000000080000000, 0x0000000100000000)
  region size 1024K, 141 young (144384K), 12 survivors (12288K)
 Metaspace       used 152628K, committed 155200K, reserved 622592K
  class space    used 16470K, committed 17664K, reserved 425984K
}
Event: 129.783 GC heap after
{Heap after GC invocations=105 (full 0):
 garbage-first heap   total reserved 2097152K, committed 282624K, used 123041K [0x0000000080000000, 0x0000000100000000)
  region size 1024K, 5 young (5120K), 5 survivors (5120K)
 Metaspace       used 152628K, committed 155200K, reserved 622592K
  class space    used 16470K, committed 17664K, reserved 425984K
}
Event: 132.243 GC heap before
{Heap before GC invocations=105 (full 0):
 garbage-first heap   total reserved 2097152K, committed 282624K, used 233633K [0x0000000080000000, 0x0000000100000000)
  region size 1024K, 114 young (116736K), 5 survivors (5120K)
 Metaspace       used 155551K, committed 158144K, reserved 622592K
  class space    used 16798K, committed 17984K, reserved 425984K
}
Event: 132.262 GC heap after
{Heap after GC invocations=106 (full 0):
 garbage-first heap   total reserved 2097152K, committed 282624K, used 128885K [0x0000000080000000, 0x0000000100000000)
  region size 1024K, 11 young (11264K), 11 survivors (11264K)
 Metaspace       used 155551K, committed 158144K, reserved 622592K
  class space    used 16798K, committed 17984K, reserved 425984K
}
Event: 135.485 GC heap before
{Heap before GC invocations=107 (full 0):
 garbage-first heap   total reserved 2097152K, committed 282624K, used 255861K [0x0000000080000000, 0x0000000100000000)
  region size 1024K, 134 young (137216K), 11 survivors (11264K)
 Metaspace       used 159214K, committed 161792K, reserved 622592K
  class space    used 17125K, committed 18304K, reserved 425984K
}
Event: 135.500 GC heap after
{Heap after GC invocations=108 (full 0):
 garbage-first heap   total reserved 2097152K, committed 282624K, used 126363K [0x0000000080000000, 0x0000000100000000)
  region size 1024K, 4 young (4096K), 4 survivors (4096K)
 Metaspace       used 159214K, committed 161792K, reserved 622592K
  class space    used 17125K, committed 18304K, reserved 425984K
}
Event: 137.097 GC heap before
{Heap before GC invocations=108 (full 0):
 garbage-first heap   total reserved 2097152K, committed 282624K, used 264603K [0x0000000080000000, 0x0000000100000000)
  region size 1024K, 137 young (140288K), 4 survivors (4096K)
 Metaspace       used 159740K, committed 162432K, reserved 622592K
  class space    used 17140K, committed 18368K, reserved 425984K
}
Event: 137.126 GC heap after
{Heap after GC invocations=109 (full 0):
 garbage-first heap   total reserved 2097152K, committed 282624K, used 132976K [0x0000000080000000, 0x0000000100000000)
  region size 1024K, 11 young (11264K), 11 survivors (11264K)
 Metaspace       used 159740K, committed 162432K, reserved 622592K
  class space    used 17140K, committed 18368K, reserved 425984K
}
Event: 139.313 GC heap before
{Heap before GC invocations=109 (full 0):
 garbage-first heap   total reserved 2097152K, committed 282624K, used 213872K [0x0000000080000000, 0x0000000100000000)
  region size 1024K, 91 young (93184K), 11 survivors (11264K)
 Metaspace       used 160699K, committed 163392K, reserved 622592K
  class space    used 17152K, committed 18368K, reserved 425984K
}
Event: 139.328 GC heap after
{Heap after GC invocations=110 (full 0):
 garbage-first heap   total reserved 2097152K, committed 282624K, used 130515K [0x0000000080000000, 0x0000000100000000)
  region size 1024K, 6 young (6144K), 6 survivors (6144K)
 Metaspace       used 160699K, committed 163392K, reserved 622592K
  class space    used 17152K, committed 18368K, reserved 425984K
}
Event: 141.258 GC heap before
{Heap before GC invocations=111 (full 0):
 garbage-first heap   total reserved 2097152K, committed 282624K, used 262611K [0x0000000080000000, 0x0000000100000000)
  region size 1024K, 133 young (136192K), 6 survivors (6144K)
 Metaspace       used 161001K, committed 163648K, reserved 622592K
  class space    used 17160K, committed 18368K, reserved 425984K
}
Event: 141.272 GC heap after
{Heap after GC invocations=112 (full 0):
 garbage-first heap   total reserved 2097152K, committed 282624K, used 131960K [0x0000000080000000, 0x0000000100000000)
  region size 1024K, 8 young (8192K), 8 survivors (8192K)
 Metaspace       used 161001K, committed 163648K, reserved 622592K
  class space    used 17160K, committed 18368K, reserved 425984K
}
Event: 143.122 GC heap before
{Heap before GC invocations=112 (full 0):
 garbage-first heap   total reserved 2097152K, committed 282624K, used 258936K [0x0000000080000000, 0x0000000100000000)
  region size 1024K, 131 young (134144K), 8 survivors (8192K)
 Metaspace       used 161719K, committed 164416K, reserved 622592K
  class space    used 17171K, committed 18432K, reserved 425984K
}
Event: 143.142 GC heap after
{Heap after GC invocations=113 (full 0):
 garbage-first heap   total reserved 2097152K, committed 282624K, used 132148K [0x0000000080000000, 0x0000000100000000)
  region size 1024K, 8 young (8192K), 8 survivors (8192K)
 Metaspace       used 161719K, committed 164416K, reserved 622592K
  class space    used 17171K, committed 18432K, reserved 425984K
}
Event: 143.611 GC heap before
{Heap before GC invocations=113 (full 0):
 garbage-first heap   total reserved 2097152K, committed 282624K, used 172084K [0x0000000080000000, 0x0000000100000000)
  region size 1024K, 48 young (49152K), 8 survivors (8192K)
 Metaspace       used 161881K, committed 164672K, reserved 622592K
  class space    used 17175K, committed 18432K, reserved 425984K
}
Event: 143.624 GC heap after
{Heap after GC invocations=114 (full 0):
 garbage-first heap   total reserved 2097152K, committed 282624K, used 130472K [0x0000000080000000, 0x0000000100000000)
  region size 1024K, 7 young (7168K), 7 survivors (7168K)
 Metaspace       used 161881K, committed 164672K, reserved 622592K
  class space    used 17175K, committed 18432K, reserved 425984K
}
Event: 145.882 GC heap before
{Heap before GC invocations=115 (full 0):
 garbage-first heap   total reserved 2097152K, committed 282624K, used 259496K [0x0000000080000000, 0x0000000100000000)
  region size 1024K, 132 young (135168K), 7 survivors (7168K)
 Metaspace       used 164498K, committed 167232K, reserved 622592K
  class space    used 17516K, committed 18752K, reserved 425984K
}
Event: 145.897 GC heap after
{Heap after GC invocations=116 (full 0):
 garbage-first heap   total reserved 2097152K, committed 282624K, used 122222K [0x0000000080000000, 0x0000000100000000)
  region size 1024K, 6 young (6144K), 6 survivors (6144K)
 Metaspace       used 164498K, committed 167232K, reserved 622592K
  class space    used 17516K, committed 18752K, reserved 425984K
}

